<?xml version="1.0" encoding="UTF-8"?>
<!-- Generated by org.testng.reporters.JUnitReportReporter -->
<testsuite skipped="0" hostname="Zokir-VAIO" name="com.jobApplication.JobApplicationTest" tests="2" failures="0" timestamp="25 Jun 2018 04:09:40 GMT" time="7.059" errors="0">
  <testcase name="fullNameEmptyTest" time="0.738" classname="com.jobApplication.JobApplicationTest"/>
  <testcase name="submitFullApplication" time="6.321" classname="com.jobApplication.JobApplicationTest"/>
</testsuite> <!-- com.jobApplication.JobApplicationTest -->
