<?xml version="1.0" encoding="UTF-8"?>
<!-- Generated by org.testng.reporters.JUnitReportReporter -->
<testsuite skipped="0" hostname="Zokir-VAIO" name="com.cybertek.TestDemo" tests="2" failures="0" timestamp="20 Jun 2018 00:43:07 GMT" time="0.015" errors="0">
  <testcase name="testSecond" time="0.004" classname="com.cybertek.TestDemo"/>
  <testcase name="testOne" time="0.011" classname="com.cybertek.TestDemo"/>
</testsuite> <!-- com.cybertek.TestDemo -->
