<?xml version="1.0" encoding="UTF-8"?>
<!-- Generated by org.testng.reporters.JUnitReportReporter -->
<testsuite skipped="0" hostname="Zokir-VAIO" name="com.cybertek.TestThatCleansUp" tests="2" failures="0" timestamp="20 Jun 2018 01:52:38 GMT" time="31.774" errors="0">
  <testcase name="searchGoogle" time="6.064" classname="com.cybertek.TestThatCleansUp"/>
  <testcase name="searchAmazon" time="25.710" classname="com.cybertek.TestThatCleansUp"/>
</testsuite> <!-- com.cybertek.TestThatCleansUp -->
