<?xml version="1.0" encoding="UTF-8"?>
<!-- Generated by org.testng.reporters.JUnitReportReporter -->
<testsuite skipped="0" hostname="Zokir-VAIO" name="com.cybertek.SearchTests" tests="1" failures="0" timestamp="21 Jun 2018 01:42:47 GMT" time="26.698" errors="0">
  <testcase name="amazonSearchOne" time="26.698" classname="com.cybertek.SearchTests"/>
</testsuite> <!-- com.cybertek.SearchTests -->
